{"C:\\Users\\braya\\Projects\\React\\02-first-steps\\src\\FirstStepsApp.tsx": {"path":"C:\\Users\\braya\\Projects\\React\\02-first-steps\\src\\FirstStepsApp.tsx","statementMap":{"0":{"start":{"line":8,"column":34},"end":{"line":14,"column":null}},"1":{"start":{"line":17,"column":2},"end":{"line":21,"column":39}},"2":{"start":{"line":20,"column":49},"end":{"line":21,"column":39}}},"fnMap":{"0":{"name":"FirstStepsApp","decl":{"start":{"line":16,"column":16},"end":{"line":16,"column":null}},"loc":{"start":{"line":16,"column":16},"end":{"line":29,"column":null}},"line":16},"1":{"name":"(anonymous_1)","decl":{"start":{"line":20,"column":23},"end":{"line":20,"column":24}},"loc":{"start":{"line":20,"column":49},"end":{"line":21,"column":39}},"line":20}},"branchMap":{},"s":{"0":1,"1":3,"2":15},"f":{"0":3,"1":15},"b":{},"meta":{"lastBranch":0,"lastFunction":2,"lastStatement":3,"seen":{"s:8:34:14:Infinity":0,"f:16:16:16:Infinity":0,"s:17:2:21:39":1,"f:20:23:20:24":1,"s:20:49:21:39":2}}}
,"C:\\Users\\braya\\Projects\\React\\02-first-steps\\src\\MyAwesomeApp.tsx": {"path":"C:\\Users\\braya\\Projects\\React\\02-first-steps\\src\\MyAwesomeApp.tsx","statementMap":{"0":{"start":{"line":3,"column":26},"end":{"line":3,"column":null}},"1":{"start":{"line":4,"column":25},"end":{"line":4,"column":null}},"2":{"start":{"line":6,"column":32},"end":{"line":6,"column":null}},"3":{"start":{"line":8,"column":26},"end":{"line":8,"column":null}},"4":{"start":{"line":10,"column":16},"end":{"line":13,"column":null}},"5":{"start":{"line":15,"column":32},"end":{"line":20,"column":null}},"6":{"start":{"line":23,"column":2},"end":{"line":33,"column":null}}},"fnMap":{"0":{"name":"MyAwesomeApp","decl":{"start":{"line":22,"column":16},"end":{"line":22,"column":null}},"loc":{"start":{"line":22,"column":16},"end":{"line":36,"column":null}},"line":22}},"branchMap":{"0":{"loc":{"start":{"line":16,"column":19},"end":{"line":16,"column":null}},"type":"cond-expr","locations":[{"start":{"line":16,"column":30},"end":{"line":16,"column":40}},{"start":{"line":16,"column":40},"end":{"line":16,"column":null}}],"line":16},"1":{"loc":{"start":{"line":31,"column":11},"end":{"line":31,"column":null}},"type":"cond-expr","locations":[{"start":{"line":31,"column":22},"end":{"line":31,"column":33}},{"start":{"line":31,"column":33},"end":{"line":31,"column":null}}],"line":31}},"s":{"0":1,"1":1,"2":1,"3":1,"4":1,"5":1,"6":4},"f":{"0":4},"b":{"0":[1,0],"1":[4,0]},"meta":{"lastBranch":2,"lastFunction":1,"lastStatement":7,"seen":{"s:3:26:3:Infinity":0,"s:4:25:4:Infinity":1,"s:6:32:6:Infinity":2,"s:8:26:8:Infinity":3,"s:10:16:13:Infinity":4,"s:15:32:20:Infinity":5,"b:16:30:16:40:16:40:16:Infinity":0,"f:22:16:22:Infinity":0,"s:23:2:33:Infinity":6,"b:31:22:31:33:31:33:31:Infinity":1}}}
,"C:\\Users\\braya\\Projects\\React\\02-first-steps\\src\\helpers\\math.helper.ts": {"path":"C:\\Users\\braya\\Projects\\React\\02-first-steps\\src\\helpers\\math.helper.ts","statementMap":{"0":{"start":{"line":1,"column":19},"end":{"line":4,"column":null}},"1":{"start":{"line":3,"column":2},"end":{"line":3,"column":null}},"2":{"start":{"line":5,"column":24},"end":{"line":7,"column":null}},"3":{"start":{"line":6,"column":2},"end":{"line":6,"column":null}},"4":{"start":{"line":8,"column":24},"end":{"line":10,"column":null}},"5":{"start":{"line":9,"column":2},"end":{"line":9,"column":null}},"6":{"start":{"line":11,"column":22},"end":{"line":13,"column":null}},"7":{"start":{"line":12,"column":2},"end":{"line":12,"column":null}}},"fnMap":{"0":{"name":"(anonymous_0)","decl":{"start":{"line":1,"column":19},"end":{"line":1,"column":20}},"loc":{"start":{"line":1,"column":31},"end":{"line":4,"column":null}},"line":1},"1":{"name":"(anonymous_1)","decl":{"start":{"line":5,"column":24},"end":{"line":5,"column":25}},"loc":{"start":{"line":5,"column":36},"end":{"line":7,"column":null}},"line":5},"2":{"name":"(anonymous_2)","decl":{"start":{"line":8,"column":24},"end":{"line":8,"column":25}},"loc":{"start":{"line":8,"column":36},"end":{"line":10,"column":null}},"line":8},"3":{"name":"(anonymous_3)","decl":{"start":{"line":11,"column":22},"end":{"line":11,"column":23}},"loc":{"start":{"line":11,"column":34},"end":{"line":13,"column":null}},"line":11}},"branchMap":{},"s":{"0":1,"1":1,"2":1,"3":2,"4":1,"5":2,"6":1,"7":2},"f":{"0":1,"1":2,"2":2,"3":2},"b":{},"meta":{"lastBranch":0,"lastFunction":4,"lastStatement":8,"seen":{"s:1:19:4:Infinity":0,"f:1:19:1:20":0,"s:3:2:3:Infinity":1,"s:5:24:7:Infinity":2,"f:5:24:5:25":1,"s:6:2:6:Infinity":3,"s:8:24:10:Infinity":4,"f:8:24:8:25":2,"s:9:2:9:Infinity":5,"s:11:22:13:Infinity":6,"f:11:22:11:23":3,"s:12:2:12:Infinity":7}}}
,"C:\\Users\\braya\\Projects\\React\\02-first-steps\\src\\shopping-cart\\ItemCounter.module.css": {"path":"C:\\Users\\braya\\Projects\\React\\02-first-steps\\src\\shopping-cart\\ItemCounter.module.css","statementMap":{},"fnMap":{},"branchMap":{},"s":{},"f":{},"b":{},"meta":{"lastBranch":0,"lastFunction":0,"lastStatement":0,"seen":{}}}
,"C:\\Users\\braya\\Projects\\React\\02-first-steps\\src\\shopping-cart\\ItemCounter.tsx": {"path":"C:\\Users\\braya\\Projects\\React\\02-first-steps\\src\\shopping-cart\\ItemCounter.tsx","statementMap":{"0":{"start":{"line":10,"column":27},"end":{"line":49,"column":null}},"1":{"start":{"line":11,"column":25},"end":{"line":11,"column":null}},"2":{"start":{"line":13,"column":20},"end":{"line":15,"column":null}},"3":{"start":{"line":14,"column":4},"end":{"line":14,"column":null}},"4":{"start":{"line":17,"column":25},"end":{"line":23,"column":null}},"5":{"start":{"line":18,"column":4},"end":{"line":22,"column":null}},"6":{"start":{"line":19,"column":6},"end":{"line":19,"column":null}},"7":{"start":{"line":21,"column":6},"end":{"line":21,"column":null}},"8":{"start":{"line":25,"column":2},"end":{"line":46,"column":null}}},"fnMap":{"0":{"name":"(anonymous_0)","decl":{"start":{"line":10,"column":27},"end":{"line":10,"column":28}},"loc":{"start":{"line":10,"column":57},"end":{"line":49,"column":null}},"line":10},"1":{"name":"(anonymous_1)","decl":{"start":{"line":13,"column":20},"end":{"line":13,"column":null}},"loc":{"start":{"line":13,"column":20},"end":{"line":15,"column":null}},"line":13},"2":{"name":"(anonymous_2)","decl":{"start":{"line":17,"column":25},"end":{"line":17,"column":null}},"loc":{"start":{"line":17,"column":25},"end":{"line":23,"column":null}},"line":17}},"branchMap":{"0":{"loc":{"start":{"line":10,"column":36},"end":{"line":10,"column":48}},"type":"default-arg","locations":[{"start":{"line":10,"column":47},"end":{"line":10,"column":48}}],"line":10},"1":{"loc":{"start":{"line":18,"column":4},"end":{"line":22,"column":null}},"type":"if","locations":[{"start":{"line":18,"column":4},"end":{"line":22,"column":null}},{"start":{"line":20,"column":11},"end":{"line":22,"column":null}}],"line":18},"2":{"loc":{"start":{"line":39,"column":17},"end":{"line":39,"column":null}},"type":"cond-expr","locations":[{"start":{"line":39,"column":31},"end":{"line":39,"column":39}},{"start":{"line":39,"column":39},"end":{"line":39,"column":null}}],"line":39}},"s":{"0":1,"1":9,"2":9,"3":1,"4":9,"5":2,"6":1,"7":1,"8":9},"f":{"0":9,"1":1,"2":2},"b":{"0":[9],"1":[1,1],"2":[3,6]},"meta":{"lastBranch":3,"lastFunction":3,"lastStatement":9,"seen":{"s:10:27:49:Infinity":0,"f:10:27:10:28":0,"b:10:47:10:48":0,"s:11:25:11:Infinity":1,"s:13:20:15:Infinity":2,"f:13:20:13:Infinity":1,"s:14:4:14:Infinity":3,"s:17:25:23:Infinity":4,"f:17:25:17:Infinity":2,"b:18:4:22:Infinity:20:11:22:Infinity":1,"s:18:4:22:Infinity":5,"s:19:6:19:Infinity":6,"s:21:6:21:Infinity":7,"s:25:2:46:Infinity":8,"b:39:31:39:39:39:39:39:Infinity":2}}}
}
